2019-04-07 23:00:56 [main] main.Main.main()
INFO: Starting main program.
2019-04-07 23:00:56 [main] main.Main.parseInstance()
INFO: Parsing problem instance 065
2019-04-07 23:00:56 [main] problem.Problem.preProcess()
INFO: Preprocessing problem instance 065
2019-04-07 23:00:57 [main] problem.Problem.isFeasible()
INFO: Instance 065: all requests are feasible
2019-04-07 23:00:57 [Thread-0] main.ALNSRunner.run()
INFO: Started at Sun Apr 07 23:00:57 CEST 2019
2019-04-07 23:00:57 [Thread-0] solution.Solution.createInitialSolution()
INFO: Found an initial solution for problem 065 with cost 980.22
2019-04-07 23:00:57 [Thread-0] main.ALNS.run()
INFO: Problem instance 65: SEED: 1554670857093
2019-04-07 23:00:57 [Thread-0] main.ALNS.run()
INFO: Problem instance 65: Initial cost: 980.22
2019-04-07 23:00:58 [Thread-0] main.ALNS.run()
INFO: ITERATION 10 
Runtime 1s for instance 65
Temp 68.55017040681685
2019-04-07 23:00:59 [Thread-0] main.ALNS.run()
INFO: ITERATION 20 
Runtime 1s for instance 65
Temp 66.22956673168254
2019-04-07 23:01:00 [Thread-0] main.ALNS.run()
INFO: ITERATION 30 
Runtime 3s for instance 65
Temp 63.98752159819863
2019-04-07 23:01:02 [Thread-0] main.ALNS.run()
INFO: ITERATION 40 
Runtime 5s for instance 65
Temp 61.8213755929839
2019-04-07 23:01:03 [Thread-0] main.ALNS.run()
INFO: ITERATION 50 
Runtime 6s for instance 65
Temp 59.72855933079894
2019-04-07 23:01:03 [Thread-0] main.ALNS.run()
INFO: ITERATION 60 
Runtime 6s for instance 65
Temp 57.70659040685668
2019-04-07 23:01:04 [Thread-0] main.ALNS.run()
INFO: ITERATION 70 
Runtime 7s for instance 65
Temp 55.753070452305195
2019-04-07 23:01:04 [Thread-0] main.ALNS.run()
INFO: ITERATION 80 
Runtime 7s for instance 65
Temp 53.865682289390065
2019-04-07 23:01:05 [Thread-0] main.ALNS.run()
INFO: ITERATION 90 
Runtime 8s for instance 65
Temp 52.04218718292209
2019-04-07 23:01:05 [Thread-0] main.ALNS.run()
INFO: ITERATION 100 
Runtime 8s for instance 65
Temp 50.28042218479005
2019-04-07 23:01:05 [Thread-0] main.ALNS.run()
INFO: ITERATION 110 
Runtime 8s for instance 65
Temp 48.5782975683686
2019-04-07 23:01:06 [Thread-0] main.ALNS.run()
INFO: ITERATION 120 
Runtime 9s for instance 65
Temp 46.933794349778296
2019-04-07 23:01:06 [Thread-0] main.ALNS.run()
INFO: ITERATION 130 
Runtime 9s for instance 65
Temp 45.34496189305749
2019-04-07 23:01:07 [Thread-0] main.ALNS.run()
INFO: ITERATION 140 
Runtime 10s for instance 65
Temp 43.80991559640539
2019-04-07 23:01:08 [Thread-0] main.ALNS.run()
INFO: ITERATION 150 
Runtime 11s for instance 65
Temp 42.32683465675199
2019-04-07 23:01:09 [Thread-0] main.ALNS.run()
INFO: ITERATION 160 
Runtime 12s for instance 65
Temp 40.8939599100031
2019-04-07 23:01:09 [Thread-0] main.ALNS.run()
INFO: ITERATION 170 
Runtime 12s for instance 65
Temp 39.509591744398776
2019-04-07 23:01:10 [Thread-0] main.ALNS.run()
INFO: ITERATION 180 
Runtime 12s for instance 65
Temp 38.17208808451012
2019-04-07 23:01:10 [Thread-0] main.ALNS.run()
INFO: ITERATION 190 
Runtime 13s for instance 65
Temp 36.879862443483034
2019-04-07 23:01:10 [Thread-0] main.ALNS.run()
INFO: ITERATION 200 
Runtime 13s for instance 65
Temp 35.63138204121865
2019-04-07 23:01:10 [Thread-0] main.ALNS.run()
INFO: Doing big destruction. Factor: 02.04
2019-04-07 23:01:11 [Thread-0] main.ALNS.run()
INFO: Doing big destruction. Factor: 02.08
2019-04-07 23:01:11 [Thread-0] main.ALNS.run()
INFO: Doing big destruction. Factor: 02.12
2019-04-07 23:01:11 [Thread-0] main.ALNS.run()
INFO: Doing big destruction. Factor: 02.16
2019-04-07 23:01:11 [Thread-0] main.ALNS.run()
INFO: ITERATION 210 
Runtime 14s for instance 65
Temp 34.42516598625834
2019-04-07 23:01:12 [Thread-0] main.ALNS.run()
INFO: ITERATION 220 
Runtime 15s for instance 65
Temp 33.259783519216725
2019-04-07 23:01:12 [Thread-0] main.ALNS.run()
INFO: ITERATION 230 
Runtime 15s for instance 65
Temp 32.133852315678965
2019-04-07 23:01:12 [Thread-0] main.ALNS.run()
INFO: ITERATION 240 
Runtime 15s for instance 65
Temp 31.046036846549626
2019-04-07 23:01:13 [Thread-0] main.ALNS.run()
INFO: ITERATION 250 
Runtime 16s for instance 65
Temp 29.995046793907918
2019-04-07 23:01:13 [Thread-0] main.ALNS.run()
INFO: ITERATION 260 
Runtime 16s for instance 65
Temp 28.97963552049048
2019-04-07 23:01:14 [Thread-0] main.ALNS.run()
INFO: ITERATION 270 
Runtime 17s for instance 65
Temp 27.998598590986134
2019-04-07 23:01:14 [Thread-0] main.ALNS.run()
INFO: ITERATION 280 
Runtime 17s for instance 65
Temp 27.050772343388772
2019-04-07 23:01:15 [Thread-0] main.ALNS.run()
INFO: ITERATION 290 
Runtime 18s for instance 65
Temp 26.135032508713653
2019-04-07 23:01:15 [Thread-0] main.ALNS.run()
INFO: ITERATION 300 
Runtime 18s for instance 65
Temp 25.25029287743996
2019-04-07 23:01:16 [Thread-0] main.ALNS.run()
INFO: ITERATION 310 
Runtime 19s for instance 65
Temp 24.395504011097792
2019-04-07 23:01:16 [Thread-0] main.ALNS.run()
INFO: ITERATION 320 
Runtime 19s for instance 65
Temp 23.569651997471325
2019-04-07 23:01:17 [Thread-0] main.ALNS.run()
INFO: ITERATION 330 
Runtime 19s for instance 65
Temp 22.771757247941576
2019-04-07 23:01:17 [Thread-0] main.ALNS.run()
INFO: ITERATION 340 
Runtime 20s for instance 65
Temp 22.000873335542366
2019-04-07 23:01:17 [Thread-0] main.ALNS.run()
INFO: ITERATION 350 
Runtime 20s for instance 65
Temp 21.256085872351072
2019-04-07 23:01:17 [Thread-0] main.ALNS.run()
INFO: ITERATION 360 
Runtime 20s for instance 65
Temp 20.536511424882693
2019-04-07 23:01:18 [Thread-0] main.ALNS.run()
INFO: ITERATION 370 
Runtime 20s for instance 65
Temp 19.84129646620067
2019-04-07 23:01:18 [Thread-0] main.ALNS.run()
INFO: ITERATION 380 
Runtime 21s for instance 65
Temp 19.16961636350153
2019-04-07 23:01:18 [Thread-0] main.ALNS.run()
INFO: ITERATION 390 
Runtime 21s for instance 65
Temp 18.520674399972396
2019-04-07 23:01:19 [Thread-0] main.ALNS.run()
INFO: Doing big destruction. Factor: 02.04
2019-04-07 23:01:19 [Thread-0] main.ALNS.run()
INFO: ITERATION 400 
Runtime 22s for instance 65
Temp 17.89370082976129
2019-04-07 23:01:19 [Thread-0] main.ALNS.run()
INFO: ITERATION 410 
Runtime 22s for instance 65
Temp 17.28795196493909
2019-04-07 23:01:20 [Thread-0] main.ALNS.run()
INFO: ITERATION 420 
Runtime 23s for instance 65
Temp 16.702709293370276
2019-04-07 23:01:20 [Thread-0] main.ALNS.run()
INFO: ITERATION 430 
Runtime 23s for instance 65
Temp 16.13727862644606
2019-04-07 23:01:20 [Thread-0] main.ALNS.run()
INFO: ITERATION 440 
Runtime 23s for instance 65
Temp 15.590989275668994
2019-04-07 23:01:21 [Thread-0] main.ALNS.run()
INFO: ITERATION 450 
Runtime 24s for instance 65
Temp 15.063193257112355
2019-04-07 23:01:21 [Thread-0] main.ALNS.run()
INFO: ITERATION 460 
Runtime 24s for instance 65
Temp 14.553264522810663
2019-04-07 23:01:21 [Thread-0] main.ALNS.run()
INFO: ITERATION 470 
Runtime 24s for instance 65
Temp 14.060598218169677
2019-04-07 23:01:22 [Thread-0] main.ALNS.run()
INFO: ITERATION 480 
Runtime 25s for instance 65
Temp 13.584609964514998
2019-04-07 23:01:22 [Thread-0] main.ALNS.run()
INFO: ITERATION 490 
Runtime 25s for instance 65
Temp 13.124735165928286
2019-04-07 23:01:22 [Thread-0] main.ALNS.run()
INFO: ITERATION 500 
Runtime 25s for instance 65
Temp 12.680428339548916
2019-04-07 23:01:23 [Thread-0] main.ALNS.run()
INFO: ITERATION 510 
Runtime 26s for instance 65
Temp 12.251162468546672
2019-04-07 23:01:23 [Thread-0] main.ALNS.run()
INFO: ITERATION 520 
Runtime 26s for instance 65
Temp 11.836428376998011
2019-04-07 23:01:23 [Thread-0] main.ALNS.run()
INFO: ITERATION 530 
Runtime 26s for instance 65
Temp 11.435734125924434
2019-04-07 23:01:24 [Thread-0] main.ALNS.run()
INFO: ITERATION 540 
Runtime 27s for instance 65
Temp 11.048604429776514
2019-04-07 23:01:24 [Thread-0] main.ALNS.run()
INFO: ITERATION 550 
Runtime 27s for instance 65
Temp 10.674580092671514
2019-04-07 23:01:24 [Thread-0] main.ALNS.run()
INFO: ITERATION 560 
Runtime 27s for instance 65
Temp 10.313217463715809
2019-04-07 23:01:24 [Thread-0] main.ALNS.run()
INFO: Doing big destruction. Factor: 02.04
2019-04-07 23:01:24 [Thread-0] main.ALNS.run()
INFO: Doing big destruction. Factor: 02.08
2019-04-07 23:01:25 [Thread-0] main.ALNS.run()
INFO: ITERATION 570 
Runtime 28s for instance 65
Temp 9.964087910766102
2019-04-07 23:01:25 [Thread-0] main.ALNS.run()
INFO: ITERATION 580 
Runtime 28s for instance 65
Temp 9.626777312005201
2019-04-07 23:01:25 [Thread-0] main.ALNS.run()
INFO: ITERATION 590 
Runtime 28s for instance 65
Temp 9.30088556472929
2019-04-07 23:01:26 [Thread-0] main.ALNS.run()
INFO: ITERATION 600 
Runtime 29s for instance 65
Temp 8.98602611076405
2019-04-07 23:01:26 [Thread-0] main.ALNS.run()
INFO: ITERATION 610 
Runtime 29s for instance 65
Temp 8.681825477946685
2019-04-07 23:01:26 [Thread-0] main.ALNS.run()
INFO: ITERATION 620 
Runtime 29s for instance 65
Temp 8.38792283712999
2019-04-07 23:01:27 [Thread-0] main.ALNS.run()
INFO: ITERATION 630 
Runtime 30s for instance 65
Temp 8.103969574183015
2019-04-07 23:01:27 [Thread-0] main.ALNS.run()
INFO: ITERATION 640 
Runtime 30s for instance 65
Temp 7.829628876480597
2019-04-07 23:01:28 [Thread-0] main.ALNS.run()
INFO: ITERATION 650 
Runtime 30s for instance 65
Temp 7.564575333391349
2019-04-07 23:01:28 [Thread-0] main.ALNS.run()
INFO: Doing big destruction. Factor: 02.04
2019-04-07 23:01:28 [Thread-0] main.ALNS.run()
INFO: Doing big destruction. Factor: 02.08
2019-04-07 23:01:28 [Thread-0] main.ALNS.run()
INFO: ITERATION 660 
Runtime 31s for instance 65
Temp 7.308494550290149
2019-04-07 23:01:28 [Thread-0] main.ALNS.run()
INFO: Doing big destruction. Factor: 02.12
2019-04-07 23:01:28 [Thread-0] main.ALNS.run()
INFO: Doing big destruction. Factor: 02.16
2019-04-07 23:01:29 [Thread-0] main.ALNS.run()
INFO: Doing big destruction. Factor: 02.20
2019-04-07 23:01:29 [Thread-0] main.ALNS.run()
INFO: Doing big destruction. Factor: 02.24
2019-04-07 23:01:29 [Thread-0] main.ALNS.run()
INFO: Doing big destruction. Factor: 02.28
2019-04-07 23:01:29 [Thread-0] main.ALNS.run()
INFO: Doing big destruction. Factor: 02.32
2019-04-07 23:01:29 [Thread-0] main.ALNS.run()
INFO: Doing big destruction. Factor: 02.36
2019-04-07 23:01:29 [Thread-0] main.ALNS.run()
INFO: Doing big destruction. Factor: 02.40
2019-04-07 23:01:29 [Thread-0] main.ALNS.run()
INFO: Doing big destruction. Factor: 02.44
2019-04-07 23:01:30 [Thread-0] main.ALNS.run()
INFO: Doing big destruction. Factor: 02.48
2019-04-07 23:01:30 [Thread-0] main.ALNS.run()
INFO: ITERATION 670 
Runtime 33s for instance 65
Temp 7.06108277563735
2019-04-07 23:01:30 [Thread-0] main.ALNS.run()
INFO: Doing big destruction. Factor: 02.52
2019-04-07 23:01:30 [Thread-0] main.ALNS.run()
INFO: ITERATION 680 
Runtime 33s for instance 65
Temp 6.8220465406823125
2019-04-07 23:01:31 [Thread-0] main.ALNS.run()
INFO: ITERATION 690 
Runtime 34s for instance 65
Temp 6.59110231136395
2019-04-07 23:01:31 [Thread-0] main.ALNS.run()
INFO: ITERATION 700 
Runtime 34s for instance 65
Temp 6.367976151995331
2019-04-07 23:01:32 [Thread-0] main.ALNS.run()
INFO: ITERATION 710 
Runtime 35s for instance 65
Temp 6.152403400333454
2019-04-07 23:01:32 [Thread-0] main.ALNS.run()
INFO: ITERATION 720 
Runtime 35s for instance 65
Temp 5.944128353648772
2019-04-07 23:01:33 [Thread-0] main.ALNS.run()
INFO: Doing big destruction. Factor: 02.04
2019-04-07 23:01:33 [Thread-0] main.ALNS.run()
INFO: ITERATION 730 
Runtime 36s for instance 65
Temp 5.742903965422076
2019-04-07 23:01:33 [Thread-0] main.ALNS.run()
INFO: ITERATION 740 
Runtime 36s for instance 65
Temp 5.548491552308998
2019-04-07 23:01:33 [Thread-0] main.ALNS.run()
INFO: ITERATION 750 
Runtime 36s for instance 65
Temp 5.360660511024533
2019-04-07 23:01:34 [Thread-0] main.ALNS.run()
INFO: ITERATION 760 
Runtime 37s for instance 65
Temp 5.1791880448117595
2019-04-07 23:01:34 [Thread-0] main.ALNS.run()
INFO: ITERATION 770 
Runtime 37s for instance 65
Temp 5.003858899170326
2019-04-07 23:01:34 [Thread-0] main.ALNS.run()
INFO: ITERATION 780 
Runtime 37s for instance 65
Temp 4.834465106531213
2019-04-07 23:01:35 [Thread-0] main.ALNS.run()
INFO: ITERATION 790 
Runtime 38s for instance 65
Temp 4.670805739574931
2019-04-07 23:01:35 [Thread-0] main.ALNS.run()
INFO: ITERATION 800 
Runtime 38s for instance 65
Temp 4.512686672900545
2019-04-07 23:01:35 [Thread-0] main.ALNS.run()
INFO: ITERATION 810 
Runtime 38s for instance 65
Temp 4.359920352762832
2019-04-07 23:01:35 [Thread-0] main.ALNS.run()
INFO: Doing big destruction. Factor: 02.04
2019-04-07 23:01:35 [Thread-0] main.ALNS.run()
INFO: Doing big destruction. Factor: 02.08
2019-04-07 23:01:36 [Thread-0] main.ALNS.run()
INFO: Doing big destruction. Factor: 02.12
2019-04-07 23:01:36 [Thread-0] main.ALNS.run()
INFO: Doing big destruction. Factor: 02.16
2019-04-07 23:01:36 [Thread-0] main.ALNS.run()
INFO: ITERATION 820 
Runtime 39s for instance 65
Temp 4.212325574604436
2019-04-07 23:01:36 [Thread-0] main.ALNS.run()
INFO: ITERATION 830 
Runtime 39s for instance 65
Temp 4.069727268119158
2019-04-07 23:01:37 [Thread-0] main.ALNS.run()
INFO: ITERATION 840 
Runtime 40s for instance 65
Temp 3.9319562895914015
2019-04-07 23:01:37 [Thread-0] main.ALNS.run()
INFO: ITERATION 850 
Runtime 40s for instance 65
Temp 3.798849221265486
2019-04-07 23:01:37 [Thread-0] main.ALNS.run()
INFO: ITERATION 860 
Runtime 40s for instance 65
Temp 3.670248177506838
2019-04-07 23:01:38 [Thread-0] main.ALNS.run()
INFO: ITERATION 870 
Runtime 41s for instance 65
Temp 3.5460006175251286
2019-04-07 23:01:38 [Thread-0] main.ALNS.run()
INFO: ITERATION 880 
Runtime 41s for instance 65
Temp 3.4259591644372303
2019-04-07 23:01:38 [Thread-0] main.ALNS.run()
INFO: ITERATION 890 
Runtime 41s for instance 65
Temp 3.3099814304553683
2019-04-07 23:01:39 [Thread-0] main.ALNS.run()
INFO: ITERATION 900 
Runtime 42s for instance 65
Temp 3.1979298479931133
2019-04-07 23:01:39 [Thread-0] main.ALNS.run()
INFO: ITERATION 910 
Runtime 42s for instance 65
Temp 3.0896715064888802
2019-04-07 23:01:39 [Thread-0] main.ALNS.run()
INFO: ITERATION 920 
Runtime 42s for instance 65
Temp 2.985077994753381
2019-04-07 23:01:40 [Thread-0] main.ALNS.run()
INFO: Doing big destruction. Factor: 02.04
2019-04-07 23:01:40 [Thread-0] main.ALNS.run()
INFO: Doing big destruction. Factor: 02.08
2019-04-07 23:01:40 [Thread-0] main.ALNS.run()
INFO: ITERATION 930 
Runtime 43s for instance 65
Temp 2.884025248654031
2019-04-07 23:01:40 [Thread-0] main.ALNS.run()
INFO: ITERATION 940 
Runtime 43s for instance 65
Temp 2.786393403955639
2019-04-07 23:01:41 [Thread-0] main.ALNS.run()
INFO: ITERATION 950 
Runtime 44s for instance 65
Temp 2.6920666541428266
2019-04-07 23:01:41 [Thread-0] main.ALNS.run()
INFO: ITERATION 960 
Runtime 44s for instance 65
Temp 2.6009331130555373
2019-04-07 23:01:42 [Thread-0] main.ALNS.run()
INFO: ITERATION 970 
Runtime 45s for instance 65
Temp 2.512884682174686
2019-04-07 23:01:42 [Thread-0] main.ALNS.run()
INFO: ITERATION 980 
Runtime 45s for instance 65
Temp 2.427816922400549
2019-04-07 23:01:42 [Thread-0] main.ALNS.run()
INFO: ITERATION 990 
Runtime 45s for instance 65
Temp 2.345628930171783
2019-04-07 23:01:43 [Thread-0] main.ALNS.run()
INFO: Doing big destruction. Factor: 02.04
2019-04-07 23:01:43 [Thread-0] main.ALNS.run()
INFO: ITERATION 1000 
Runtime 46s for instance 65
Temp 2.2662232177781534
2019-04-07 23:01:43 [Thread-0] main.ALNS.run()
INFO: ITERATION 1010 
Runtime 46s for instance 65
Temp 2.1895055977249767
2019-04-07 23:01:44 [Thread-0] main.ALNS.run()
INFO: ITERATION 1020 
Runtime 47s for instance 65
Temp 2.1153850710121427
2019-04-07 23:01:44 [Thread-0] main.ALNS.run()
INFO: Doing big destruction. Factor: 02.04
2019-04-07 23:01:44 [Thread-0] main.ALNS.run()
INFO: Doing big destruction. Factor: 02.08
2019-04-07 23:01:44 [Thread-0] main.ALNS.run()
INFO: Doing big destruction. Factor: 02.12
2019-04-07 23:01:45 [Thread-0] main.ALNS.run()
INFO: Doing big destruction. Factor: 02.16
2019-04-07 23:01:45 [Thread-0] main.ALNS.run()
INFO: Doing big destruction. Factor: 02.20
2019-04-07 23:01:45 [Thread-0] main.ALNS.run()
INFO: ITERATION 1030 
Runtime 48s for instance 65
Temp 2.043773719195184
2019-04-07 23:01:45 [Thread-0] main.ALNS.run()
INFO: Doing big destruction. Factor: 02.24
2019-04-07 23:01:45 [Thread-0] main.ALNS.run()
INFO: Doing big destruction. Factor: 02.28
2019-04-07 23:01:46 [Thread-0] main.ALNS.run()
INFO: ITERATION 1040 
Runtime 48s for instance 65
Temp 1.9745866001003551
2019-04-07 23:01:46 [Thread-0] main.ALNS.run()
INFO: ITERATION 1050 
Runtime 49s for instance 65
Temp 1.9077416470700388
2019-04-07 23:01:46 [Thread-0] main.ALNS.run()
INFO: Doing big destruction. Factor: 02.04
2019-04-07 23:01:46 [Thread-0] main.ALNS.run()
INFO: ITERATION 1060 
Runtime 49s for instance 65
Temp 1.8431595716189575
2019-04-07 23:01:47 [Thread-0] main.ALNS.run()
INFO: ITERATION 1070 
Runtime 50s for instance 65
Temp 1.7807637693857277
2019-04-07 23:01:47 [Thread-0] main.ALNS.run()
INFO: ITERATION 1080 
Runtime 50s for instance 65
Temp 1.720480229268202
2019-04-07 23:01:48 [Thread-0] main.ALNS.run()
INFO: ITERATION 1090 
Runtime 51s for instance 65
Temp 1.6622374456348197
2019-04-07 23:01:48 [Thread-0] main.ALNS.run()
INFO: ITERATION 1100 
Runtime 51s for instance 65
Temp 1.6059663335078331
2019-04-07 23:01:49 [Thread-0] main.ALNS.run()
INFO: ITERATION 1110 
Runtime 52s for instance 65
Temp 1.551600146617805
2019-04-07 23:01:49 [Thread-0] main.ALNS.run()
INFO: ITERATION 1120 
Runtime 52s for instance 65
Temp 1.4990743982321795
2019-04-07 23:01:50 [Thread-0] main.ALNS.run()
INFO: ITERATION 1130 
Runtime 53s for instance 65
Temp 1.448326784664009
2019-04-07 23:01:50 [Thread-0] main.ALNS.run()
INFO: ITERATION 1140 
Runtime 53s for instance 65
Temp 1.3992971113701185
2019-04-07 23:01:51 [Thread-0] main.ALNS.run()
INFO: ITERATION 1150 
Runtime 54s for instance 65
Temp 1.351927221551035
2019-04-07 23:01:51 [Thread-0] main.ALNS.run()
INFO: ITERATION 1160 
Runtime 54s for instance 65
Temp 1.306160927168002
2019-04-07 23:01:52 [Thread-0] main.ALNS.run()
INFO: ITERATION 1170 
Runtime 55s for instance 65
Temp 1.261943942295248
2019-04-07 23:01:52 [Thread-0] main.ALNS.run()
INFO: ITERATION 1180 
Runtime 55s for instance 65
Temp 1.2192238187284568
2019-04-07 23:01:53 [Thread-0] main.ALNS.run()
INFO: ITERATION 1190 
Runtime 56s for instance 65
Temp 1.1779498837730566
2019-04-07 23:01:53 [Thread-0] main.ALNS.run()
INFO: ITERATION 1200 
Runtime 56s for instance 65
Temp 1.1380731801385464
2019-04-07 23:01:54 [Thread-0] main.ALNS.run()
INFO: ITERATION 1210 
Runtime 57s for instance 65
Temp 1.0995464078675519
2019-04-07 23:01:54 [Thread-0] main.ALNS.run()
INFO: ITERATION 1220 
Runtime 57s for instance 65
Temp 1.0623238682307368
2019-04-07 23:01:55 [Thread-0] main.ALNS.run()
INFO: ITERATION 1230 
Runtime 58s for instance 65
Temp 1.0263614095210207
2019-04-07 23:01:56 [Thread-0] main.ALNS.run()
INFO: ITERATION 1240 
Runtime 59s for instance 65
Temp 0.9916163746828046
2019-04-07 23:01:56 [Thread-0] main.ALNS.run()
INFO: Doing big destruction. Factor: 02.04
2019-04-07 23:01:56 [Thread-0] main.ALNS.run()
INFO: Doing big destruction. Factor: 02.08
2019-04-07 23:01:56 [Thread-0] main.ALNS.run()
INFO: Doing big destruction. Factor: 02.12
2019-04-07 23:01:56 [Thread-0] main.ALNS.run()
INFO: ITERATION 1250 
Runtime 59s for instance 65
Temp 0.9580475507140833
2019-04-07 23:01:57 [Thread-0] main.ALNS.run()
INFO: ITERATION 1260 
Runtime 60s for instance 65
Temp 0.9256151197814327
2019-04-07 23:01:58 [Thread-0] main.ALNS.run()
INFO: ITERATION 1270 
Runtime 61s for instance 65
Temp 0.89428061198988
2019-04-07 23:01:58 [Thread-0] main.ALNS.run()
INFO: Doing big destruction. Factor: 02.04
2019-04-07 23:01:58 [Thread-0] main.ALNS.run()
INFO: Doing big destruction. Factor: 02.08
2019-04-07 23:01:58 [Thread-0] main.ALNS.run()
INFO: Doing big destruction. Factor: 02.12
2019-04-07 23:01:58 [Thread-0] main.ALNS.run()
INFO: Doing big destruction. Factor: 02.16
2019-04-07 23:01:58 [Thread-0] main.ALNS.run()
INFO: Doing big destruction. Factor: 02.20
2019-04-07 23:01:59 [Thread-0] main.ALNS.run()
INFO: Doing big destruction. Factor: 02.24
2019-04-07 23:01:59 [Thread-0] main.ALNS.run()
INFO: Doing big destruction. Factor: 02.28
2019-04-07 23:01:59 [Thread-0] main.ALNS.run()
INFO: ITERATION 1280 
Runtime 62s for instance 65
Temp 0.8640068597516405
2019-04-07 23:01:59 [Thread-0] main.ALNS.run()
INFO: Doing big destruction. Factor: 02.32
2019-04-07 23:01:59 [Thread-0] main.ALNS.run()
INFO: Doing big destruction. Factor: 02.36
2019-04-07 23:02:00 [Thread-0] main.ALNS.run()
INFO: Doing big destruction. Factor: 02.40
2019-04-07 23:02:00 [Thread-0] main.ALNS.run()
INFO: Doing big destruction. Factor: 02.44
2019-04-07 23:02:00 [Thread-0] main.ALNS.run()
INFO: Doing big destruction. Factor: 02.48
2019-04-07 23:02:01 [Thread-0] main.ALNS.run()
INFO: ITERATION 1290 
Runtime 63s for instance 65
Temp 0.8347579536995918
2019-04-07 23:02:01 [Thread-0] main.ALNS.run()
INFO: ITERATION 1300 
Runtime 64s for instance 65
Temp 0.8064992000931933
2019-04-07 23:02:01 [Thread-0] main.ALNS.run()
INFO: ITERATION 1310 
Runtime 64s for instance 65
Temp 0.7791970796663268
2019-04-07 23:02:01 [Thread-0] main.ALNS.run()
INFO: Doing big destruction. Factor: 02.04
2019-04-07 23:02:02 [Thread-0] main.ALNS.run()
INFO: Doing big destruction. Factor: 02.08
2019-04-07 23:02:02 [Thread-0] main.ALNS.run()
INFO: Doing big destruction. Factor: 02.12
2019-04-07 23:02:02 [Thread-0] main.ALNS.run()
INFO: Doing big destruction. Factor: 02.16
2019-04-07 23:02:02 [Thread-0] main.ALNS.run()
INFO: Doing big destruction. Factor: 02.20
2019-04-07 23:02:02 [Thread-0] main.ALNS.run()
INFO: Doing big destruction. Factor: 02.24
2019-04-07 23:02:03 [Thread-0] main.ALNS.run()
INFO: Doing big destruction. Factor: 02.28
2019-04-07 23:02:03 [Thread-0] main.ALNS.run()
INFO: Doing big destruction. Factor: 02.32
2019-04-07 23:02:03 [Thread-0] main.ALNS.run()
INFO: Doing big destruction. Factor: 02.36
2019-04-07 23:02:03 [Thread-0] main.ALNS.run()
INFO: ITERATION 1320 
Runtime 66s for instance 65
Temp 0.7528192078682461
2019-04-07 23:02:04 [Thread-0] main.ALNS.run()
INFO: ITERATION 1330 
Runtime 67s for instance 65
Temp 0.7273342964504761
2019-04-07 23:02:04 [Thread-0] main.ALNS.run()
INFO: ITERATION 1340 
Runtime 67s for instance 65
Temp 0.7027121163540958
2019-04-07 23:02:05 [Thread-0] main.ALNS.run()
INFO: ITERATION 1350 
Runtime 67s for instance 65
Temp 0.6789234618533835
2019-04-07 23:02:05 [Thread-0] main.ALNS.run()
INFO: Doing big destruction. Factor: 02.04
2019-04-07 23:02:05 [Thread-0] main.ALNS.run()
INFO: Doing big destruction. Factor: 02.08
2019-04-07 23:02:05 [Thread-0] main.ALNS.run()
INFO: ITERATION 1360 
Runtime 68s for instance 65
Temp 0.6559401159132953
2019-04-07 23:02:05 [Thread-0] main.ALNS.run()
INFO: Doing big destruction. Factor: 02.12
2019-04-07 23:02:06 [Thread-0] main.ALNS.run()
INFO: Doing big destruction. Factor: 02.16
2019-04-07 23:02:06 [Thread-0] main.ALNS.run()
INFO: ITERATION 1370 
Runtime 69s for instance 65
Temp 0.6337348167196838
2019-04-07 23:02:07 [Thread-0] main.ALNS.run()
INFO: ITERATION 1380 
Runtime 70s for instance 65
Temp 0.6122812253425568
2019-04-07 23:02:07 [Thread-0] main.ALNS.run()
INFO: Doing big destruction. Factor: 02.04
2019-04-07 23:02:07 [Thread-0] main.ALNS.run()
INFO: Doing big destruction. Factor: 02.08
2019-04-07 23:02:08 [Thread-0] main.ALNS.run()
INFO: ITERATION 1390 
Runtime 70s for instance 65
Temp 0.5915538944940198
2019-04-07 23:02:08 [Thread-0] main.ALNS.run()
INFO: Doing big destruction. Factor: 02.12
2019-04-07 23:02:08 [Thread-0] main.ALNS.run()
INFO: Doing big destruction. Factor: 02.16
2019-04-07 23:02:08 [Thread-0] main.ALNS.run()
INFO: Doing big destruction. Factor: 02.20
2019-04-07 23:02:08 [Thread-0] main.ALNS.run()
INFO: Doing big destruction. Factor: 02.24
2019-04-07 23:02:08 [Thread-0] main.ALNS.run()
INFO: Doing big destruction. Factor: 02.28
2019-04-07 23:02:08 [Thread-0] main.ALNS.run()
INFO: Doing big destruction. Factor: 02.32
2019-04-07 23:02:08 [Thread-0] main.ALNS.run()
INFO: Doing big destruction. Factor: 02.36
2019-04-07 23:02:09 [Thread-0] main.ALNS.run()
INFO: Doing big destruction. Factor: 02.40
2019-04-07 23:02:09 [Thread-0] main.ALNS.run()
INFO: Doing big destruction. Factor: 02.44
2019-04-07 23:02:09 [Thread-0] main.ALNS.run()
INFO: Doing big destruction. Factor: 02.48
2019-04-07 23:02:09 [Thread-0] main.ALNS.run()
INFO: ITERATION 1400 
Runtime 72s for instance 65
Temp 0.5715282383438447
2019-04-07 23:02:09 [Thread-0] main.ALNS.run()
INFO: Doing big destruction. Factor: 02.52
2019-04-07 23:02:10 [Thread-0] main.ALNS.run()
INFO: Doing big destruction. Factor: 02.56
2019-04-07 23:02:10 [Thread-0] main.ALNS.run()
INFO: Doing big destruction. Factor: 02.60
2019-04-07 23:02:10 [Thread-0] main.ALNS.run()
INFO: Doing big destruction. Factor: 02.64
2019-04-07 23:02:10 [Thread-0] main.ALNS.run()
INFO: Doing big destruction. Factor: 02.68
2019-04-07 23:02:10 [Thread-0] main.ALNS.run()
INFO: Doing big destruction. Factor: 02.72
2019-04-07 23:02:11 [Thread-0] main.ALNS.run()
INFO: Doing big destruction. Factor: 02.76
2019-04-07 23:02:11 [Thread-0] main.ALNS.run()
INFO: Doing big destruction. Factor: 02.80
2019-04-07 23:02:11 [Thread-0] main.ALNS.run()
INFO: Doing big destruction. Factor: 02.84
2019-04-07 23:02:11 [Thread-0] main.ALNS.run()
INFO: Doing big destruction. Factor: 02.88
2019-04-07 23:02:11 [Thread-0] main.ALNS.run()
INFO: ITERATION 1410 
Runtime 74s for instance 65
Temp 0.5521805033568595
2019-04-07 23:02:11 [Thread-0] main.ALNS.run()
INFO: Doing big destruction. Factor: 02.92
2019-04-07 23:02:12 [Thread-0] main.ALNS.run()
INFO: Doing big destruction. Factor: 02.96
2019-04-07 23:02:12 [Thread-0] main.ALNS.run()
INFO: Doing big destruction. Factor: 03.00
2019-04-07 23:02:12 [Thread-0] main.ALNS.run()
INFO: Doing big destruction. Factor: 03.04
2019-04-07 23:02:12 [Thread-0] main.ALNS.run()
INFO: Doing big destruction. Factor: 03.08
2019-04-07 23:02:13 [Thread-0] main.ALNS.run()
INFO: Doing big destruction. Factor: 03.12
2019-04-07 23:02:13 [Thread-0] main.ALNS.run()
INFO: Doing big destruction. Factor: 03.16
2019-04-07 23:02:13 [Thread-0] main.ALNS.run()
INFO: Doing big destruction. Factor: 03.20
2019-04-07 23:02:13 [Thread-0] main.ALNS.run()
INFO: Doing big destruction. Factor: 03.24
2019-04-07 23:02:14 [Thread-0] main.ALNS.run()
INFO: Doing big destruction. Factor: 03.28
2019-04-07 23:02:14 [Thread-0] main.ALNS.run()
INFO: ITERATION 1420 
Runtime 77s for instance 65
Temp 0.5334877401175719
2019-04-07 23:02:14 [Thread-0] main.ALNS.run()
INFO: Doing big destruction. Factor: 03.32
2019-04-07 23:02:14 [Thread-0] main.ALNS.run()
INFO: Doing big destruction. Factor: 03.36
2019-04-07 23:02:14 [Thread-0] main.ALNS.run()
INFO: Doing big destruction. Factor: 03.40
2019-04-07 23:02:15 [Thread-0] main.ALNS.run()
INFO: Doing big destruction. Factor: 03.44
2019-04-07 23:02:15 [Thread-0] main.ALNS.run()
INFO: Doing big destruction. Factor: 03.48
2019-04-07 23:02:15 [Thread-0] main.ALNS.run()
INFO: Doing big destruction. Factor: 03.52
2019-04-07 23:02:15 [Thread-0] main.ALNS.run()
INFO: Doing big destruction. Factor: 03.56
2019-04-07 23:02:16 [Thread-0] main.ALNS.run()
INFO: Doing big destruction. Factor: 03.60
2019-04-07 23:02:16 [Thread-0] main.ALNS.run()
INFO: Doing big destruction. Factor: 03.64
2019-04-07 23:02:16 [Thread-0] main.ALNS.run()
INFO: Doing big destruction. Factor: 03.68
2019-04-07 23:02:16 [Thread-0] main.ALNS.run()
INFO: ITERATION 1430 
Runtime 79s for instance 65
Temp 0.5154277761086009
2019-04-07 23:02:17 [Thread-0] main.ALNS.run()
INFO: ITERATION 1440 
Runtime 80s for instance 65
Temp 0.49797918941063146
2019-04-07 23:02:17 [Thread-0] main.ALNS.run()
INFO: ITERATION 1450 
Runtime 80s for instance 65
Temp 0.4811212832926941
2019-04-07 23:02:18 [Thread-0] main.ALNS.run()
INFO: ITERATION 1460 
Runtime 81s for instance 65
Temp 0.46483406166263186
2019-04-07 23:02:18 [Thread-0] main.ALNS.run()
INFO: ITERATION 1470 
Runtime 81s for instance 65
Temp 0.44909820534863143
2019-04-07 23:02:19 [Thread-0] main.ALNS.run()
INFO: ITERATION 1480 
Runtime 82s for instance 65
Temp 0.43389504918368893
2019-04-07 23:02:19 [Thread-0] main.ALNS.run()
INFO: Doing big destruction. Factor: 02.04
2019-04-07 23:02:19 [Thread-0] main.ALNS.run()
INFO: Doing big destruction. Factor: 02.08
2019-04-07 23:02:20 [Thread-0] main.ALNS.run()
INFO: ITERATION 1490 
Runtime 83s for instance 65
Temp 0.4192065598658255
2019-04-07 23:02:20 [Thread-0] main.ALNS.run()
INFO: Doing big destruction. Factor: 02.12
2019-04-07 23:02:20 [Thread-0] main.ALNS.run()
INFO: Doing big destruction. Factor: 02.16
2019-04-07 23:02:20 [Thread-0] main.ALNS.run()
INFO: Doing big destruction. Factor: 02.20
2019-04-07 23:02:20 [Thread-0] main.ALNS.run()
INFO: Doing big destruction. Factor: 02.24
2019-04-07 23:02:20 [Thread-0] main.ALNS.run()
INFO: Doing big destruction. Factor: 02.28
2019-04-07 23:02:21 [Thread-0] main.ALNS.run()
INFO: Doing big destruction. Factor: 02.32
2019-04-07 23:02:21 [Thread-0] main.ALNS.run()
INFO: Doing big destruction. Factor: 02.36
2019-04-07 23:02:21 [Thread-0] main.ALNS.run()
INFO: Doing big destruction. Factor: 02.40
2019-04-07 23:02:21 [Thread-0] main.ALNS.run()
INFO: Doing big destruction. Factor: 02.44
2019-04-07 23:02:21 [Thread-0] main.ALNS.run()
INFO: Doing big destruction. Factor: 02.48
2019-04-07 23:02:22 [Thread-0] main.ALNS.run()
INFO: ITERATION 1500 
Runtime 84s for instance 65
Temp 0.4050153145677933
2019-04-07 23:02:22 [Thread-0] main.ALNS.run()
INFO: Doing big destruction. Factor: 02.52
2019-04-07 23:02:22 [Thread-0] main.ALNS.run()
INFO: ITERATION 1510 
Runtime 85s for instance 65
Temp 0.3913044802708995
2019-04-07 23:02:23 [Thread-0] main.ALNS.run()
INFO: ITERATION 1520 
Runtime 85s for instance 65
Temp 0.3780577937984342
2019-04-07 23:02:23 [Thread-0] main.ALNS.run()
INFO: Doing big destruction. Factor: 02.04
2019-04-07 23:02:23 [Thread-0] main.ALNS.run()
INFO: Doing big destruction. Factor: 02.08
2019-04-07 23:02:23 [Thread-0] main.ALNS.run()
INFO: Doing big destruction. Factor: 02.12
2019-04-07 23:02:24 [Thread-0] main.ALNS.run()
INFO: ITERATION 1530 
Runtime 86s for instance 65
Temp 0.3652595425250198
2019-04-07 23:02:24 [Thread-0] main.ALNS.run()
INFO: Doing big destruction. Factor: 02.16
2019-04-07 23:02:24 [Thread-0] main.ALNS.run()
INFO: Doing big destruction. Factor: 02.20
2019-04-07 23:02:24 [Thread-0] main.ALNS.run()
INFO: Doing big destruction. Factor: 02.24
2019-04-07 23:02:24 [Thread-0] main.ALNS.run()
INFO: Doing big destruction. Factor: 02.28
2019-04-07 23:02:24 [Thread-0] main.ALNS.run()
INFO: Doing big destruction. Factor: 02.32
2019-04-07 23:02:24 [Thread-0] main.ALNS.run()
INFO: Doing big destruction. Factor: 02.36
2019-04-07 23:02:25 [Thread-0] main.ALNS.run()
INFO: Doing big destruction. Factor: 02.40
2019-04-07 23:02:25 [Thread-0] main.ALNS.run()
INFO: Doing big destruction. Factor: 02.44
2019-04-07 23:02:25 [Thread-0] main.ALNS.run()
INFO: ITERATION 1540 
Runtime 88s for instance 65
Temp 0.3528945457389995
2019-04-07 23:02:26 [Thread-0] main.ALNS.run()
INFO: ITERATION 1550 
Runtime 89s for instance 65
Temp 0.3409481366357576
2019-04-07 23:02:26 [Thread-0] main.ALNS.run()
INFO: ITERATION 1560 
Runtime 89s for instance 65
Temp 0.32940614492061443
2019-04-07 23:02:26 [Thread-0] main.ALNS.run()
INFO: ITERATION 1570 
Runtime 89s for instance 65
Temp 0.3182548800006575
2019-04-07 23:02:27 [Thread-0] main.ALNS.run()
INFO: ITERATION 1580 
Runtime 90s for instance 65
Temp 0.3074811147455748
2019-04-07 23:02:27 [Thread-0] main.ALNS.run()
INFO: ITERATION 1590 
Runtime 90s for instance 65
Temp 0.29707206979822603
2019-04-07 23:02:27 [Thread-0] main.ALNS.run()
INFO: ITERATION 1600 
Runtime 90s for instance 65
Temp 0.2870153984163419
2019-04-07 23:02:28 [Thread-0] main.ALNS.run()
INFO: ITERATION 1610 
Runtime 91s for instance 65
Temp 0.2772991718273724
2019-04-07 23:02:28 [Thread-0] main.ALNS.run()
INFO: ITERATION 1620 
Runtime 91s for instance 65
Temp 0.2679118650791122
2019-04-07 23:02:28 [Thread-0] main.ALNS.run()
INFO: Doing big destruction. Factor: 02.04
2019-04-07 23:02:28 [Thread-0] main.ALNS.run()
INFO: Doing big destruction. Factor: 02.08
2019-04-07 23:02:29 [Thread-0] main.ALNS.run()
INFO: Doing big destruction. Factor: 02.12
2019-04-07 23:02:29 [Thread-0] main.ALNS.run()
INFO: Doing big destruction. Factor: 02.16
2019-04-07 23:02:29 [Thread-0] main.ALNS.run()
INFO: Doing big destruction. Factor: 02.20
2019-04-07 23:02:29 [Thread-0] main.ALNS.run()
INFO: Doing big destruction. Factor: 02.24
2019-04-07 23:02:29 [Thread-0] main.ALNS.run()
INFO: Doing big destruction. Factor: 02.28
2019-04-07 23:02:30 [Thread-0] main.ALNS.run()
INFO: ITERATION 1630 
Runtime 92s for instance 65
Temp 0.25884234336931855
2019-04-07 23:02:30 [Thread-0] main.ALNS.run()
INFO: ITERATION 1640 
Runtime 93s for instance 65
Temp 0.25007984883810896
2019-04-07 23:02:30 [Thread-0] main.ALNS.run()
INFO: ITERATION 1650 
Runtime 93s for instance 65
Temp 0.2416139878074697
2019-04-07 23:02:31 [Thread-0] main.ALNS.run()
INFO: Doing big destruction. Factor: 02.04
2019-04-07 23:02:31 [Thread-0] main.ALNS.run()
INFO: Doing big destruction. Factor: 02.08
2019-04-07 23:02:31 [Thread-0] main.ALNS.run()
INFO: Doing big destruction. Factor: 02.12
2019-04-07 23:02:31 [Thread-0] main.ALNS.run()
INFO: Doing big destruction. Factor: 02.16
2019-04-07 23:02:31 [Thread-0] main.ALNS.run()
INFO: Doing big destruction. Factor: 02.20
2019-04-07 23:02:32 [Thread-0] main.ALNS.run()
INFO: Doing big destruction. Factor: 02.24
2019-04-07 23:02:32 [Thread-0] main.ALNS.run()
INFO: Doing big destruction. Factor: 02.28
2019-04-07 23:02:32 [Thread-0] main.ALNS.run()
INFO: ITERATION 1660 
Runtime 95s for instance 65
Temp 0.23343471845274158
2019-04-07 23:02:32 [Thread-0] main.ALNS.run()
INFO: Doing big destruction. Factor: 02.32
2019-04-07 23:02:32 [Thread-0] main.ALNS.run()
INFO: Doing big destruction. Factor: 02.36
2019-04-07 23:02:32 [Thread-0] main.ALNS.run()
INFO: Doing big destruction. Factor: 02.40
2019-04-07 23:02:32 [Thread-0] main.ALNS.run()
INFO: Doing big destruction. Factor: 02.44
2019-04-07 23:02:33 [Thread-0] main.ALNS.run()
INFO: Doing big destruction. Factor: 02.48
2019-04-07 23:02:33 [Thread-0] main.ALNS.run()
INFO: Doing big destruction. Factor: 02.52
2019-04-07 23:02:33 [Thread-0] main.ALNS.run()
INFO: Doing big destruction. Factor: 02.56
2019-04-07 23:02:33 [Thread-0] main.ALNS.run()
INFO: ITERATION 1670 
Runtime 96s for instance 65
Temp 0.22553233889145743
2019-04-07 23:02:33 [Thread-0] main.ALNS.run()
INFO: ITERATION 1680 
Runtime 96s for instance 65
Temp 0.21789747567540468
2019-04-07 23:02:34 [Thread-0] main.ALNS.run()
INFO: ITERATION 1690 
Runtime 97s for instance 65
Temp 0.21052107267226133
2019-04-07 23:02:34 [Thread-0] main.ALNS.run()
INFO: Doing big destruction. Factor: 02.04
2019-04-07 23:02:34 [Thread-0] main.ALNS.run()
INFO: Doing big destruction. Factor: 02.08
2019-04-07 23:02:34 [Thread-0] main.ALNS.run()
INFO: Doing big destruction. Factor: 02.12
2019-04-07 23:02:35 [Thread-0] main.ALNS.run()
INFO: Doing big destruction. Factor: 02.16
2019-04-07 23:02:35 [Thread-0] main.ALNS.run()
INFO: Doing big destruction. Factor: 02.20
2019-04-07 23:02:35 [Thread-0] main.ALNS.run()
INFO: Doing big destruction. Factor: 02.24
2019-04-07 23:02:35 [Thread-0] main.ALNS.run()
INFO: Doing big destruction. Factor: 02.28
2019-04-07 23:02:35 [Thread-0] main.ALNS.run()
INFO: ITERATION 1700 
Runtime 98s for instance 65
Temp 0.20339438032361784
2019-04-07 23:02:36 [Thread-0] main.ALNS.run()
INFO: ITERATION 1710 
Runtime 99s for instance 65
Temp 0.19650894526664364
2019-04-07 23:02:36 [Thread-0] main.ALNS.run()
INFO: ITERATION 1720 
Runtime 99s for instance 65
Temp 0.18985660030708698
2019-04-07 23:02:37 [Thread-0] main.ALNS.run()
INFO: Doing big destruction. Factor: 02.04
2019-04-07 23:02:37 [Thread-0] main.ALNS.run()
INFO: Doing big destruction. Factor: 02.08
2019-04-07 23:02:37 [Thread-0] main.ALNS.run()
INFO: Doing big destruction. Factor: 02.12
2019-04-07 23:02:37 [Thread-0] main.ALNS.run()
INFO: Doing big destruction. Factor: 02.16
2019-04-07 23:02:38 [Thread-0] main.ALNS.run()
INFO: ITERATION 1730 
Runtime 100s for instance 65
Temp 0.18342945473171549
2019-04-07 23:02:38 [Thread-0] main.ALNS.run()
INFO: Doing big destruction. Factor: 02.20
2019-04-07 23:02:38 [Thread-0] main.ALNS.run()
INFO: Doing big destruction. Factor: 02.24
2019-04-07 23:02:38 [Thread-0] main.ALNS.run()
INFO: Doing big destruction. Factor: 02.28
2019-04-07 23:02:38 [Thread-0] main.ALNS.run()
INFO: Doing big destruction. Factor: 02.32
2019-04-07 23:02:38 [Thread-0] main.ALNS.run()
INFO: Doing big destruction. Factor: 02.36
2019-04-07 23:02:39 [Thread-0] main.ALNS.run()
INFO: Doing big destruction. Factor: 02.40
2019-04-07 23:02:39 [Thread-0] main.ALNS.run()
INFO: Doing big destruction. Factor: 02.44
2019-04-07 23:02:39 [Thread-0] main.ALNS.run()
INFO: Doing big destruction. Factor: 02.48
2019-04-07 23:02:39 [Thread-0] main.ALNS.run()
INFO: Doing big destruction. Factor: 02.52
2019-04-07 23:02:39 [Thread-0] main.ALNS.run()
INFO: Doing big destruction. Factor: 02.56
2019-04-07 23:02:40 [Thread-0] main.ALNS.run()
INFO: ITERATION 1740 
Runtime 102s for instance 65
Temp 0.17721988494870627
2019-04-07 23:02:40 [Thread-0] main.ALNS.run()
INFO: Doing big destruction. Factor: 02.60
2019-04-07 23:02:40 [Thread-0] main.ALNS.run()
INFO: Doing big destruction. Factor: 02.64
2019-04-07 23:02:40 [Thread-0] main.ALNS.run()
INFO: Doing big destruction. Factor: 02.68
2019-04-07 23:02:40 [Thread-0] main.ALNS.run()
INFO: Doing big destruction. Factor: 02.72
2019-04-07 23:02:41 [Thread-0] main.ALNS.run()
INFO: ITERATION 1750 
Runtime 104s for instance 65
Temp 0.1712205254448829
2019-04-07 23:02:41 [Thread-0] main.ALNS.run()
INFO: ITERATION 1760 
Runtime 104s for instance 65
Temp 0.16542426004907415
2019-04-07 23:02:42 [Thread-0] main.ALNS.run()
INFO: ITERATION 1770 
Runtime 104s for instance 65
Temp 0.15982421349123102
2019-04-07 23:02:42 [Thread-0] main.ALNS.run()
INFO: Doing big destruction. Factor: 02.04
2019-04-07 23:02:42 [Thread-0] main.ALNS.run()
INFO: Doing big destruction. Factor: 02.08
2019-04-07 23:02:42 [Thread-0] main.ALNS.run()
INFO: Doing big destruction. Factor: 02.12
2019-04-07 23:02:42 [Thread-0] main.ALNS.run()
INFO: Doing big destruction. Factor: 02.16
2019-04-07 23:02:42 [Thread-0] main.ALNS.run()
INFO: Doing big destruction. Factor: 02.20
2019-04-07 23:02:43 [Thread-0] main.ALNS.run()
INFO: Doing big destruction. Factor: 02.24
2019-04-07 23:02:43 [Thread-0] main.ALNS.run()
INFO: Doing big destruction. Factor: 02.28
2019-04-07 23:02:43 [Thread-0] main.ALNS.run()
INFO: ITERATION 1780 
Runtime 106s for instance 65
Temp 0.1544137432472895
2019-04-07 23:02:43 [Thread-0] main.ALNS.run()
INFO: Doing big destruction. Factor: 02.32
2019-04-07 23:02:43 [Thread-0] main.ALNS.run()
INFO: Doing big destruction. Factor: 02.36
2019-04-07 23:02:43 [Thread-0] main.ALNS.run()
INFO: Doing big destruction. Factor: 02.40
2019-04-07 23:02:43 [Thread-0] main.ALNS.run()
INFO: Doing big destruction. Factor: 02.44
2019-04-07 23:02:44 [Thread-0] main.ALNS.run()
INFO: Doing big destruction. Factor: 02.48
2019-04-07 23:02:44 [Thread-0] main.ALNS.run()
INFO: Doing big destruction. Factor: 02.52
2019-04-07 23:02:44 [Thread-0] main.ALNS.run()
INFO: Doing big destruction. Factor: 02.56
2019-04-07 23:02:44 [Thread-0] main.ALNS.run()
INFO: Doing big destruction. Factor: 02.60
2019-04-07 23:02:44 [Thread-0] main.ALNS.run()
INFO: Doing big destruction. Factor: 02.64
2019-04-07 23:02:45 [Thread-0] main.ALNS.run()
INFO: Doing big destruction. Factor: 02.68
2019-04-07 23:02:45 [Thread-0] main.ALNS.run()
INFO: ITERATION 1790 
Runtime 108s for instance 65
Temp 0.1491864316601067
2019-04-07 23:02:45 [Thread-0] main.ALNS.run()
INFO: Doing big destruction. Factor: 02.72
2019-04-07 23:02:45 [Thread-0] main.ALNS.run()
INFO: Doing big destruction. Factor: 02.76
2019-04-07 23:02:46 [Thread-0] main.ALNS.run()
INFO: Doing big destruction. Factor: 02.80
2019-04-07 23:02:46 [Thread-0] main.ALNS.run()
INFO: Doing big destruction. Factor: 02.84
2019-04-07 23:02:46 [Thread-0] main.ALNS.run()
INFO: Doing big destruction. Factor: 02.88
2019-04-07 23:02:46 [Thread-0] main.ALNS.run()
INFO: Doing big destruction. Factor: 02.92
2019-04-07 23:02:46 [Thread-0] main.ALNS.run()
INFO: Doing big destruction. Factor: 02.96
2019-04-07 23:02:47 [Thread-0] main.ALNS.run()
INFO: Doing big destruction. Factor: 03.00
2019-04-07 23:02:47 [Thread-0] main.ALNS.run()
INFO: Doing big destruction. Factor: 03.04
2019-04-07 23:02:47 [Thread-0] main.ALNS.run()
INFO: Doing big destruction. Factor: 03.08
2019-04-07 23:02:47 [Thread-0] main.ALNS.run()
INFO: ITERATION 1800 
Runtime 110s for instance 65
Temp 0.14413607832712375
2019-04-07 23:02:47 [Thread-0] main.ALNS.run()
INFO: Doing big destruction. Factor: 03.12
2019-04-07 23:02:48 [Thread-0] main.ALNS.run()
INFO: Doing big destruction. Factor: 03.16
2019-04-07 23:02:48 [Thread-0] main.ALNS.run()
INFO: Doing big destruction. Factor: 03.20
2019-04-07 23:02:48 [Thread-0] main.ALNS.run()
INFO: Doing big destruction. Factor: 03.24
2019-04-07 23:02:49 [Thread-0] main.ALNS.run()
INFO: Doing big destruction. Factor: 03.28
2019-04-07 23:02:49 [Thread-0] main.ALNS.run()
INFO: Doing big destruction. Factor: 03.32
2019-04-07 23:02:49 [Thread-0] main.ALNS.run()
INFO: Doing big destruction. Factor: 03.36
2019-04-07 23:02:49 [Thread-0] main.ALNS.run()
INFO: Doing big destruction. Factor: 03.40
2019-04-07 23:02:49 [Thread-0] main.ALNS.run()
INFO: Doing big destruction. Factor: 03.44
2019-04-07 23:02:49 [Thread-0] main.ALNS.run()
INFO: Doing big destruction. Factor: 03.48
2019-04-07 23:02:50 [Thread-0] main.ALNS.run()
INFO: ITERATION 1810 
Runtime 113s for instance 65
Temp 0.13925669274572616
2019-04-07 23:02:50 [Thread-0] main.ALNS.run()
INFO: Doing big destruction. Factor: 03.52
2019-04-07 23:02:50 [Thread-0] main.ALNS.run()
INFO: Doing big destruction. Factor: 03.56
2019-04-07 23:02:50 [Thread-0] main.ALNS.run()
INFO: Doing big destruction. Factor: 03.60
2019-04-07 23:02:50 [Thread-0] main.ALNS.run()
INFO: Doing big destruction. Factor: 03.64
2019-04-07 23:02:50 [Thread-0] main.ALNS.run()
INFO: Doing big destruction. Factor: 03.68
2019-04-07 23:02:51 [Thread-0] main.ALNS.run()
INFO: Doing big destruction. Factor: 03.72
2019-04-07 23:02:51 [Thread-0] main.ALNS.run()
INFO: Doing big destruction. Factor: 03.76
2019-04-07 23:02:51 [Thread-0] main.ALNS.run()
INFO: Doing big destruction. Factor: 03.80
2019-04-07 23:02:52 [Thread-0] main.ALNS.run()
INFO: Doing big destruction. Factor: 03.84
2019-04-07 23:02:52 [Thread-0] main.ALNS.run()
INFO: Doing big destruction. Factor: 03.88
2019-04-07 23:02:52 [Thread-0] main.ALNS.run()
INFO: ITERATION 1820 
Runtime 115s for instance 65
Temp 0.13454248720757847
2019-04-07 23:02:52 [Thread-0] main.ALNS.run()
INFO: Doing big destruction. Factor: 03.92
2019-04-07 23:02:53 [Thread-0] main.ALNS.run()
INFO: Doing big destruction. Factor: 03.96
2019-04-07 23:02:53 [Thread-0] main.ALNS.run()
INFO: ITERATION 1830 
Runtime 116s for instance 65
Temp 0.12998786993350428
2019-04-07 23:02:54 [Thread-0] main.ALNS.run()
INFO: ITERATION 1840 
Runtime 117s for instance 65
Temp 0.1255874384407683
2019-04-07 23:02:54 [Thread-0] main.ALNS.run()
INFO: Doing big destruction. Factor: 02.04
2019-04-07 23:02:55 [Thread-0] main.ALNS.run()
INFO: Doing big destruction. Factor: 02.08
2019-04-07 23:02:55 [Thread-0] main.ALNS.run()
INFO: ITERATION 1850 
Runtime 118s for instance 65
Temp 0.12133597313489403
2019-04-07 23:02:55 [Thread-0] main.ALNS.run()
INFO: Doing big destruction. Factor: 02.12
2019-04-07 23:02:55 [Thread-0] main.ALNS.run()
INFO: Doing big destruction. Factor: 02.16
2019-04-07 23:02:55 [Thread-0] main.ALNS.run()
INFO: ITERATION 1860 
Runtime 118s for instance 65
Temp 0.1172284311184145
2019-04-07 23:02:56 [Thread-0] main.ALNS.run()
INFO: ITERATION 1870 
Runtime 119s for instance 65
Temp 0.11325994020921364
2019-04-07 23:02:56 [Thread-0] main.ALNS.run()
INFO: ITERATION 1880 
Runtime 119s for instance 65
Temp 0.10942579316136243
2019-04-07 23:02:56 [Thread-0] main.ALNS.run()
INFO: Doing big destruction. Factor: 02.04
2019-04-07 23:02:56 [Thread-0] main.ALNS.run()
INFO: Doing big destruction. Factor: 02.08
2019-04-07 23:02:57 [Thread-0] main.ALNS.run()
INFO: ITERATION 1890 
Runtime 119s for instance 65
Temp 0.10572144208159483
2019-04-07 23:02:57 [Thread-0] main.ALNS.run()
INFO: Doing big destruction. Factor: 02.12
2019-04-07 23:02:57 [Thread-0] main.ALNS.run()
INFO: Doing big destruction. Factor: 02.16
2019-04-07 23:02:57 [Thread-0] main.ALNS.run()
INFO: Doing big destruction. Factor: 02.20
2019-04-07 23:02:57 [Thread-0] main.ALNS.run()
INFO: Doing big destruction. Factor: 02.24
2019-04-07 23:02:57 [Thread-0] main.ALNS.run()
INFO: Doing big destruction. Factor: 02.28
2019-04-07 23:02:57 [Thread-0] main.ALNS.run()
INFO: Doing big destruction. Factor: 02.32
2019-04-07 23:02:57 [Thread-0] main.ALNS.run()
INFO: Doing big destruction. Factor: 02.36
2019-04-07 23:02:57 [Thread-0] main.ALNS.run()
INFO: Doing big destruction. Factor: 02.40
2019-04-07 23:02:58 [Thread-0] main.ALNS.run()
INFO: Doing big destruction. Factor: 02.44
2019-04-07 23:02:58 [Thread-0] main.ALNS.run()
INFO: Doing big destruction. Factor: 02.48
2019-04-07 23:02:58 [Thread-0] main.ALNS.run()
INFO: ITERATION 1900 
Runtime 121s for instance 65
Temp 0.10214249303480075
2019-04-07 23:02:58 [Thread-0] main.ALNS.run()
INFO: Doing big destruction. Factor: 02.52
2019-04-07 23:02:58 [Thread-0] main.ALNS.run()
INFO: Doing big destruction. Factor: 02.56
2019-04-07 23:02:58 [Thread-0] main.ALNS.run()
INFO: Doing big destruction. Factor: 02.60
2019-04-07 23:02:59 [Thread-0] main.ALNS.run()
INFO: Doing big destruction. Factor: 02.64
2019-04-07 23:02:59 [Thread-0] main.ALNS.run()
INFO: Doing big destruction. Factor: 02.68
2019-04-07 23:02:59 [Thread-0] main.ALNS.run()
INFO: Doing big destruction. Factor: 02.72
2019-04-07 23:02:59 [Thread-0] main.ALNS.run()
INFO: Doing big destruction. Factor: 02.76
2019-04-07 23:02:59 [Thread-0] main.ALNS.run()
INFO: Doing big destruction. Factor: 02.80
2019-04-07 23:03:00 [Thread-0] main.ALNS.run()
INFO: Doing big destruction. Factor: 02.84
2019-04-07 23:03:00 [Thread-0] main.ALNS.run()
INFO: Doing big destruction. Factor: 02.88
2019-04-07 23:03:00 [Thread-0] main.ALNS.run()
INFO: ITERATION 1910 
Runtime 123s for instance 65
Temp 0.09868470083213732
2019-04-07 23:03:00 [Thread-0] main.ALNS.run()
INFO: Doing big destruction. Factor: 02.92
2019-04-07 23:03:00 [Thread-0] main.ALNS.run()
INFO: Doing big destruction. Factor: 02.96
2019-04-07 23:03:01 [Thread-0] main.ALNS.run()
INFO: ITERATION 1920 
Runtime 124s for instance 65
Temp 0.09534396399557629
2019-04-07 23:03:01 [Thread-0] main.ALNS.run()
INFO: ITERATION 1930 
Runtime 124s for instance 65
Temp 0.09211631989291472
2019-04-07 23:03:02 [Thread-0] main.ALNS.run()
INFO: ITERATION 1940 
Runtime 124s for instance 65
Temp 0.08899794003747838
2019-04-07 23:03:02 [Thread-0] main.ALNS.run()
INFO: ITERATION 1950 
Runtime 125s for instance 65
Temp 0.08598512554694258
2019-04-07 23:03:02 [Thread-0] main.ALNS.run()
INFO: Doing big destruction. Factor: 02.04
2019-04-07 23:03:02 [Thread-0] main.ALNS.run()
INFO: Doing big destruction. Factor: 02.08
2019-04-07 23:03:02 [Thread-0] main.ALNS.run()
INFO: Doing big destruction. Factor: 02.12
2019-04-07 23:03:02 [Thread-0] main.ALNS.run()
INFO: Doing big destruction. Factor: 02.16
2019-04-07 23:03:03 [Thread-0] main.ALNS.run()
INFO: Doing big destruction. Factor: 02.20
2019-04-07 23:03:03 [Thread-0] main.ALNS.run()
INFO: Doing big destruction. Factor: 02.24
2019-04-07 23:03:03 [Thread-0] main.ALNS.run()
INFO: ITERATION 1960 
Runtime 126s for instance 65
Temp 0.08307430275588389
2019-04-07 23:03:03 [Thread-0] main.ALNS.run()
INFO: Doing big destruction. Factor: 02.28
2019-04-07 23:03:03 [Thread-0] main.ALNS.run()
INFO: Doing big destruction. Factor: 02.32
2019-04-07 23:03:03 [Thread-0] main.ALNS.run()
INFO: Doing big destruction. Factor: 02.36
2019-04-07 23:03:03 [Thread-0] main.ALNS.run()
INFO: Doing big destruction. Factor: 02.40
2019-04-07 23:03:03 [Thread-0] main.ALNS.run()
INFO: Doing big destruction. Factor: 02.44
2019-04-07 23:03:03 [Thread-0] main.ALNS.run()
INFO: Doing big destruction. Factor: 02.48
2019-04-07 23:03:04 [Thread-0] main.ALNS.run()
INFO: Doing big destruction. Factor: 02.52
2019-04-07 23:03:04 [Thread-0] main.ALNS.run()
INFO: Doing big destruction. Factor: 02.56
2019-04-07 23:03:04 [Thread-0] main.ALNS.run()
INFO: Doing big destruction. Factor: 02.60
2019-04-07 23:03:04 [Thread-0] main.ALNS.run()
INFO: Doing big destruction. Factor: 02.64
2019-04-07 23:03:05 [Thread-0] main.ALNS.run()
INFO: ITERATION 1970 
Runtime 127s for instance 65
Temp 0.08026201897685839
2019-04-07 23:03:05 [Thread-0] main.ALNS.run()
INFO: Doing big destruction. Factor: 02.68
2019-04-07 23:03:05 [Thread-0] main.ALNS.run()
INFO: Doing big destruction. Factor: 02.72
2019-04-07 23:03:05 [Thread-0] main.ALNS.run()
INFO: Doing big destruction. Factor: 02.76
2019-04-07 23:03:05 [Thread-0] main.ALNS.run()
INFO: Doing big destruction. Factor: 02.80
2019-04-07 23:03:05 [Thread-0] main.ALNS.run()
INFO: Doing big destruction. Factor: 02.84
2019-04-07 23:03:06 [Thread-0] main.ALNS.run()
INFO: ITERATION 1980 
Runtime 129s for instance 65
Temp 0.0775449384049788
2019-04-07 23:03:06 [Thread-0] main.ALNS.run()
INFO: ITERATION 1990 
Runtime 129s for instance 65
Temp 0.07491983816113224
2019-04-07 23:03:06 [Thread-0] main.ALNS.run()
INFO: ITERATION 2000 
Runtime 129s for instance 65
Temp 0.07238360446914563
2019-04-07 23:03:07 [Thread-0] main.ALNS.run()
INFO: Problem instance 65. Best solution cost: 456.96 in 2001 iterations
